<?xml version="1.0" encoding="UTF-8"?>
<!-- Generated by org.testng.reporters.JUnitXMLReporter -->
<testsuite ignored="2" hostname="Ranjeet-MacBook-Pro.local" failures="0" tests="1" name="Default test(failed)(failed)" time="0.068" errors="0" timestamp="2024-03-04T21:40:11 IST">
  <testcase classname="FailedTestcases.Demo" name="Test2" time="0.014"/>
  <testcase classname="FailedTestcases.Demo" name="Test3" time="0.0">
    <ignored/>
  </testcase> <!-- Test3 -->
  <testcase classname="FailedTestcases.Demo" name="Test1" time="0.0">
    <ignored/>
  </testcase> <!-- Test1 -->
</testsuite> <!-- Default test(failed)(failed) -->
