<?xml version="1.0" encoding="UTF-8"?>
<!-- Generated by org.testng.reporters.JUnitXMLReporter -->
<testsuite ignored="4" hostname="Ranjeet-MacBook-Pro.local" failures="0" tests="4" name="GRP-Regression" time="0.096" errors="0" timestamp="2024-02-28T21:30:16 IST">
  <testcase classname="TestNGFeature.Program2" name="Test1" time="0.014"/>
  <testcase classname="TestNGFeature.Program2" name="Test2" time="0.003"/>
  <testcase classname="TestNGFeature.Program1" name="Test3" time="0.002"/>
  <testcase classname="TestNGFeature.Program3" name="Test1" time="0.002"/>
  <testcase classname="TestNGFeature.Program1" name="Test1" time="0.0">
    <ignored/>
  </testcase> <!-- Test1 -->
  <testcase classname="TestNGFeature.Program3" name="Test2" time="0.0">
    <ignored/>
  </testcase> <!-- Test2 -->
  <testcase classname="TestNGFeature.Program1" name="Test2" time="0.0">
    <ignored/>
  </testcase> <!-- Test2 -->
  <testcase classname="TestNGFeature.Program2" name="Test3" time="0.0">
    <ignored/>
  </testcase> <!-- Test3 -->
</testsuite> <!-- GRP-Regression -->
