<?xml version="1.0" encoding="UTF-8"?>
<!-- Generated by org.testng.reporters.JUnitXMLReporter -->
<testsuite ignored="3" hostname="Ranjeet-MacBook-Pro.local" failures="0" tests="1" name="GRP-RT" time="0.074" errors="0" timestamp="2024-02-28T20:13:53 IST">
  <testcase classname="TestNGFeature.DependensOnMethods2" name="Createnewaccounf" time="0.016"/>
  <testcase classname="TestNGFeature.DependensOnMethods2" name="Refreshpage" time="0.0">
    <ignored/>
  </testcase> <!-- Refreshpage -->
  <testcase classname="TestNGFeature.DependensOnMethods2" name="Homeopage" time="0.0">
    <ignored/>
  </testcase> <!-- Homeopage -->
  <testcase classname="TestNGFeature.DependensOnMethods2" name="LoginTest" time="0.0">
    <ignored/>
  </testcase> <!-- LoginTest -->
</testsuite> <!-- GRP-RT -->
