<?xml version="1.0" encoding="UTF-8"?>
<!-- Generated by org.testng.reporters.JUnitXMLReporter -->
<testsuite ignored="0" hostname="Ranjeet-MacBook-Pro.local" failures="0" tests="7" name="GRP-RG" time="47.829" errors="0" timestamp="2024-02-28T20:16:41 IST">
  <testcase classname="TestNGFeature.Priority2" name="AB" time="0.015"/>
  <testcase classname="TestNGFeature.Priority2" name="AD" time="0.002"/>
  <testcase classname="TestNGFeature.Priority2" name="Login" time="0.465"/>
  <testcase classname="TestNGFeature.Priority2" name="ABB" time="0.002"/>
  <testcase classname="TestNGFeature.Enabled2" name="A" time="0.427"/>
  <testcase classname="TestNGFeature.Enabled2" name="B" time="0.47"/>
  <testcase classname="TestNGFeature.Enabled2" name="C" time="0.683"/>
</testsuite> <!-- GRP-RG -->
