<?xml version="1.0" encoding="UTF-8"?>
<!-- Generated by org.testng.reporters.JUnitXMLReporter -->
<testsuite ignored="0" hostname="Ranjeet-MacBook-Pro.local" failures="0" tests="4" name="Default test" time="70.113" errors="0" timestamp="2024-03-05T20:41:05 IST">
  <testcase classname="DataProvider.FirstProgram2" name="LoginTest" time="17.173"/>
  <testcase classname="DataProvider.FirstProgram2" name="LoginTest" time="7.599"/>
  <testcase classname="DataProvider.FirstProgram2" name="LoginTest" time="7.349"/>
  <testcase classname="DataProvider.FirstProgram2" name="LoginTest" time="7.104"/>
</testsuite> <!-- Default test -->
