<?xml version="1.0" encoding="UTF-8"?>
<testng-results ignored="0" total="4" passed="4" failed="0" skipped="0">
  <reporter-output>
  </reporter-output>
  <suite started-at="2024-03-05T20:39:55 IST" name="Default suite" finished-at="2024-03-05T20:41:05 IST" duration-ms="70113">
    <groups>
    </groups>
    <test started-at="2024-03-05T20:39:55 IST" name="Default test" finished-at="2024-03-05T20:41:05 IST" duration-ms="70113">
      <class name="DataProvider.FirstProgram2">
        <test-method is-config="true" signature="SetUp()[pri:0, instance:DataProvider.FirstProgram2@6eda5c9]" started-at="2024-03-05T20:39:55 IST" name="SetUp" finished-at="2024-03-05T20:40:03 IST" duration-ms="8382" status="PASS">
          <reporter-output>
          </reporter-output>
        </test-method> <!-- SetUp -->
        <test-method signature="LoginTest(java.lang.String,java.lang.String,java.lang.String)[pri:0, instance:DataProvider.FirstProgram2@6eda5c9]" started-at="2024-03-05T20:40:03 IST" name="LoginTest" data-provider="LoginData" finished-at="2024-03-05T20:40:20 IST" duration-ms="17173" status="PASS">
          <params>
            <param index="0">
              <value>
                <![CDATA[admin@yourstore.com]]>
              </value>
            </param>
            <param index="1">
              <value>
                <![CDATA[admin]]>
              </value>
            </param>
            <param index="2">
              <value>
                <![CDATA[valid]]>
              </value>
            </param>
          </params>
          <reporter-output>
          </reporter-output>
        </test-method> <!-- LoginTest -->
        <test-method is-config="true" signature="Teardown()[pri:0, instance:DataProvider.FirstProgram2@6eda5c9]" started-at="2024-03-05T20:40:20 IST" name="Teardown" finished-at="2024-03-05T20:40:20 IST" duration-ms="110" status="PASS">
          <reporter-output>
          </reporter-output>
        </test-method> <!-- Teardown -->
        <test-method is-config="true" signature="SetUp()[pri:0, instance:DataProvider.FirstProgram2@6eda5c9]" started-at="2024-03-05T20:40:20 IST" name="SetUp" finished-at="2024-03-05T20:40:28 IST" duration-ms="7205" status="PASS">
          <reporter-output>
          </reporter-output>
        </test-method> <!-- SetUp -->
        <test-method signature="LoginTest(java.lang.String,java.lang.String,java.lang.String)[pri:0, instance:DataProvider.FirstProgram2@6eda5c9]" started-at="2024-03-05T20:40:28 IST" name="LoginTest" data-provider="LoginData" finished-at="2024-03-05T20:40:35 IST" duration-ms="7599" status="PASS">
          <params>
            <param index="0">
              <value>
                <![CDATA[admin@yourstore.com]]>
              </value>
            </param>
            <param index="1">
              <value>
                <![CDATA[admin123]]>
              </value>
            </param>
            <param index="2">
              <value>
                <![CDATA[invalid]]>
              </value>
            </param>
          </params>
          <reporter-output>
          </reporter-output>
        </test-method> <!-- LoginTest -->
        <test-method is-config="true" signature="Teardown()[pri:0, instance:DataProvider.FirstProgram2@6eda5c9]" started-at="2024-03-05T20:40:35 IST" name="Teardown" finished-at="2024-03-05T20:40:35 IST" duration-ms="89" status="PASS">
          <reporter-output>
          </reporter-output>
        </test-method> <!-- Teardown -->
        <test-method is-config="true" signature="SetUp()[pri:0, instance:DataProvider.FirstProgram2@6eda5c9]" started-at="2024-03-05T20:40:35 IST" name="SetUp" finished-at="2024-03-05T20:40:44 IST" duration-ms="8408" status="PASS">
          <reporter-output>
          </reporter-output>
        </test-method> <!-- SetUp -->
        <test-method signature="LoginTest(java.lang.String,java.lang.String,java.lang.String)[pri:0, instance:DataProvider.FirstProgram2@6eda5c9]" started-at="2024-03-05T20:40:44 IST" name="LoginTest" data-provider="LoginData" finished-at="2024-03-05T20:40:51 IST" duration-ms="7349" status="PASS">
          <params>
            <param index="0">
              <value>
                <![CDATA[admin2@yourstore.com]]>
              </value>
            </param>
            <param index="1">
              <value>
                <![CDATA[admin]]>
              </value>
            </param>
            <param index="2">
              <value>
                <![CDATA[invalid]]>
              </value>
            </param>
          </params>
          <reporter-output>
          </reporter-output>
        </test-method> <!-- LoginTest -->
        <test-method is-config="true" signature="Teardown()[pri:0, instance:DataProvider.FirstProgram2@6eda5c9]" started-at="2024-03-05T20:40:51 IST" name="Teardown" finished-at="2024-03-05T20:40:51 IST" duration-ms="91" status="PASS">
          <reporter-output>
          </reporter-output>
        </test-method> <!-- Teardown -->
        <test-method is-config="true" signature="SetUp()[pri:0, instance:DataProvider.FirstProgram2@6eda5c9]" started-at="2024-03-05T20:40:51 IST" name="SetUp" finished-at="2024-03-05T20:40:58 IST" duration-ms="6431" status="PASS">
          <reporter-output>
          </reporter-output>
        </test-method> <!-- SetUp -->
        <test-method signature="LoginTest(java.lang.String,java.lang.String,java.lang.String)[pri:0, instance:DataProvider.FirstProgram2@6eda5c9]" started-at="2024-03-05T20:40:58 IST" name="LoginTest" data-provider="LoginData" finished-at="2024-03-05T20:41:05 IST" duration-ms="7104" status="PASS">
          <params>
            <param index="0">
              <value>
                <![CDATA[admin2@yourstore.com]]>
              </value>
            </param>
            <param index="1">
              <value>
                <![CDATA[admin2]]>
              </value>
            </param>
            <param index="2">
              <value>
                <![CDATA[invalid]]>
              </value>
            </param>
          </params>
          <reporter-output>
          </reporter-output>
        </test-method> <!-- LoginTest -->
        <test-method is-config="true" signature="Teardown()[pri:0, instance:DataProvider.FirstProgram2@6eda5c9]" started-at="2024-03-05T20:41:05 IST" name="Teardown" finished-at="2024-03-05T20:41:05 IST" duration-ms="86" status="PASS">
          <reporter-output>
          </reporter-output>
        </test-method> <!-- Teardown -->
      </class> <!-- DataProvider.FirstProgram2 -->
    </test> <!-- Default test -->
  </suite> <!-- Default suite -->
</testng-results>
