<?xml version="1.0" encoding="UTF-8"?>
<!-- Generated by org.testng.reporters.JUnitXMLReporter -->
<testsuite ignored="0" hostname="Ranjeet-MacBook-Pro.local" failures="1" tests="3" name="Test" time="0.122" errors="0" timestamp="2024-03-05T19:49:02 IST">
  <testcase classname="FailedTestcases.Demo" name="Test1" time="0.046">
    <failure type="java.lang.AssertionError" message="expected:&amp;lt;false&amp;gt; but was:&amp;lt;true&amp;gt;">
      <![CDATA[java.lang.AssertionError: expected:<false> but was:<true>
at FailedTestcases.Demo.Test1(Demo.java:15)
at java.base/java.util.ArrayList.forEach(ArrayList.java:1511)
... Removed 30 stack frames]]>
    </failure>
  </testcase> <!-- Test1 -->
  <testcase classname="FailedTestcases.Demo" name="Test2" time="0.002"/>
  <testcase classname="FailedTestcases.Demo" name="Test3" time="0.001"/>
</testsuite> <!-- Test -->
