<?xml version="1.0" encoding="UTF-8"?>
<!-- Generated by org.testng.reporters.JUnitXMLReporter -->
<testsuite ignored="2" hostname="Ranjeet-MacBook-Pro.local" failures="1" tests="1" name="Default test(failed)" time="0.105" errors="0" timestamp="2024-03-04T21:39:39 IST">
  <testcase classname="FailedTestcases.Demo" name="Test2" time="0.044">
    <failure type="java.lang.AssertionError" message="expected [true] but found [false]">
      <![CDATA[java.lang.AssertionError: expected [true] but found [false]
at FailedTestcases.Demo.Test2(Demo.java:21)
at java.base/java.util.ArrayList.forEach(ArrayList.java:1511)
... Removed 32 stack frames]]>
    </failure>
  </testcase> <!-- Test2 -->
  <testcase classname="FailedTestcases.Demo" name="Test3" time="0.0">
    <ignored/>
  </testcase> <!-- Test3 -->
  <testcase classname="FailedTestcases.Demo" name="Test1" time="0.0">
    <ignored/>
  </testcase> <!-- Test1 -->
</testsuite> <!-- Default test(failed) -->
